Arguments: 
  /Users/maxharz/.nvm/versions/node/v10.6.0/bin/node /usr/local/Cellar/yarn/1.9.4/libexec/bin/yarn.js add --dev rollup-plugin-node-resolv

PATH: 
  /Applications/Postgres.app/Contents/Versions/latest/bin/:/Users/maxharz/.nvm/versions/node/v10.6.0/bin:/usr/local/bin:/usr/bin:/bin:/usr/sbin:/sbin:/Users/maxharz/Library/Android/sdk/tools:/Users/maxharz/Library/Android/sdk/platform-tools

Yarn version: 
  1.9.4

Node version: 
  10.6.0

Platform: 
  darwin x64

Trace: 
  Error: https://registry.yarnpkg.com/rollup-plugin-node-resolv: Not found
      at Request.params.callback [as _callback] (/usr/local/Cellar/yarn/1.9.4/libexec/lib/cli.js:64202:18)
      at Request.self.callback (/usr/local/Cellar/yarn/1.9.4/libexec/lib/cli.js:137468:22)
      at Request.emit (events.js:182:13)
      at Request.<anonymous> (/usr/local/Cellar/yarn/1.9.4/libexec/lib/cli.js:138440:10)
      at Request.emit (events.js:182:13)
      at IncomingMessage.<anonymous> (/usr/local/Cellar/yarn/1.9.4/libexec/lib/cli.js:138362:12)
      at Object.onceWrapper (events.js:273:13)
      at IncomingMessage.emit (events.js:187:15)
      at endReadableNT (_stream_readable.js:1081:12)
      at process._tickCallback (internal/process/next_tick.js:63:19)

npm manifest: 
  {
    "name": "network-client-demo-rollup",
    "version": "1.0.0",
    "description": "A sample app using Nimiq network client and rollup",
    "main": "demo.js",
    "scripts": {
      "test": "echo \"Error: no test specified\" && exit 1"
    },
    "repository": {
      "type": "git",
      "url": "git+https://github.com/nimiq/network.git"
    },
    "keywords": [
      "Nimiq",
      "network",
      "demo",
      "rollup"
    ],
    "author": "Nimiq",
    "license": "Apache-2.0",
    "bugs": {
      "url": "https://github.com/nimiq/network/issues"
    },
    "homepage": "https://github.com/nimiq/network#readme",
    "dependencies": {
      "@nimiq/network-client": "^0.0.1"
    },
    "devDependencies": {
      "rollup": "^0.66.0"
    }
  }

yarn manifest: 
  No manifest

Lockfile: 
  # THIS IS AN AUTOGENERATED FILE. DO NOT EDIT THIS FILE DIRECTLY.
  # yarn lockfile v1
  
  
  "@nimiq/network-client@^0.0.1":
    version "0.0.1"
    resolved "https://registry.yarnpkg.com/@nimiq/network-client/-/network-client-0.0.1.tgz#9839f6b61f5a2c8c438a70e02beacd1b6066ab0a"
  
  "@types/estree@0.0.39":
    version "0.0.39"
    resolved "https://registry.yarnpkg.com/@types/estree/-/estree-0.0.39.tgz#e177e699ee1b8c22d23174caaa7422644389509f"
  
  "@types/node@*":
    version "10.10.1"
    resolved "https://registry.yarnpkg.com/@types/node/-/node-10.10.1.tgz#d5c96ca246a418404914d180b7fdd625ad18eca6"
  
  rollup@^0.66.0:
    version "0.66.0"
    resolved "https://registry.yarnpkg.com/rollup/-/rollup-0.66.0.tgz#697acc008f4b613695b17222c7626affddf4a506"
    dependencies:
      "@types/estree" "0.0.39"
      "@types/node" "*"
